time="2026-05-07T22:35:43-04:00" level=info msg="trying next host" error="failed to do request: Head \"https://redhat.registry.io/v2/redhat/redhat-operator-index/manifests/v4.18\": dial tcp: lookup redhat.registry.io on 192.168.4.2:53: no such host" host=redhat.registry.io
time="2026-05-07T22:36:59-04:00" level=info msg="trying next host" error="failed to authorize: failed to fetch anonymous token: unexpected status from GET request to https://registry.redhat.io/auth/realms/rhcc/protocol/redhat-docker-v2/auth?scope=repository%3Aredhat%2Fredhat-operator-index%3Apull&service=docker-registry: 401 Unauthorized" host=registry.redhat.io
NAME                                            DISPLAY NAME  DEFAULT CHANNEL
3scale-operator                                               threescale-2.16
advanced-cluster-management                                   release-2.16
amq-broker-rhel8                                              7.12.x
amq-broker-rhel9                                              7.14.x
amq-streams                                                   stable
amq-streams-console                                           stable
amq-streams-proxy                                             stable
amq7-interconnect-operator                                    1.10.x
ansible-automation-platform-operator                          stable-2.6
ansible-cloud-addons-operator                                 stable-2.5-cluster-scoped
apicast-operator                                              threescale-2.16
apicurio-registry-3                                           3.x
authorino-operator                                            stable
aws-efs-csi-driver-operator                                   stable
aws-load-balancer-operator                                    stable-v1
bamoe-businessautomation-operator                             8.x-stable
bamoe-kogito-operator                                         8.x
bpfman-operator                                               latest
businessautomation-operator                                   stable
cephcsi-operator                                              stable-4.18
cincinnati-operator                                           v1
cli-manager                                                   tech-preview
cluster-kube-descheduler-operator                             stable
cluster-logging                                               stable-6.4
cluster-observability-operator                                stable
clusterresourceoverride                                       stable
compliance-operator                                           stable
container-security-operator                                   stable-3.16
costmanagement-metrics-operator                               stable
cryostat-operator                                             stable
datagrid                                                      stable
deployment-validation-operator                                alpha
devspaces                                                     stable
devworkspace-operator                                         fast
dns-operator                                                  stable
dpu-network-operator                                          stable
dpu-operator                                                  stable
eap                                                           stable
elasticsearch-operator                                        stable-5.8
external-dns-operator                                         stable-v1
fence-agents-remediation                                      stable
file-integrity-operator                                       stable
fuse-apicurito                                                fuse-apicurito-7.13.x
fuse-console                                                  7.13.x
fuse-online                                                   latest
gatekeeper-operator-product                                   stable
gcp-filestore-csi-driver-operator                             stable
ingress-node-firewall                                         stable
jaeger-product                                                stable
job-set                                                       stable-v1.0
jws-operator                                                  alpha
kernel-module-management                                      stable
kernel-module-management-hub                                  stable
kiali-ossm                                                    stable
kubernetes-nmstate-operator                                   stable
kubevirt-hyperconverged                                       stable
kueue-operator                                                stable-v1.3
leader-worker-set                                             stable-v1.0
lifecycle-agent                                               stable
lightspeed-operator                                           stable
limitador-operator                                            stable
local-storage-operator                                        stable
logic-operator                                                stable
logic-operator-rhel8                                          alpha
loki-operator                                                 stable-6.4
lvms-operator                                                 stable-4.18
machine-deletion-remediation                                  stable
mcg-operator                                                  stable-4.18
metallb-operator                                              stable
model-validation-operator                                     tech-preview
mta-operator                                                  stable-v8.1
mtc-operator                                                  release-v1.8
mtr-operator                                                  alpha
mtv-operator                                                  release-v2.10
multiarch-tuning-operator                                     stable
multicluster-engine                                           stable-2.11
multicluster-global-hub-operator-rh                           release-1.7
nbde-tang-server                                              stable
netobserv-operator                                            stable
nfd                                                           stable
node-healthcheck-operator                                     stable
node-maintenance-operator                                     stable
node-observability-operator                                   alpha
numaresources-operator                                        4.18
ocs-client-operator                                           stable-4.18
ocs-operator                                                  stable-4.18
odf-csi-addons-operator                                       stable-4.18
odf-dependencies                                              stable-4.18
odf-multicluster-orchestrator                                 stable-4.18
odf-operator                                                  stable-4.18
odf-prometheus-operator                                       stable-4.18
odr-cluster-operator                                          stable-4.18
odr-hub-operator                                              stable-4.18
openshift-builds-operator                                     latest
openshift-cert-manager-operator                               stable-v1
openshift-custom-metrics-autoscaler-operator                  stable
openshift-external-secrets-operator                           stable-v1
openshift-gitops-operator                                     latest
openshift-pipelines-operator-rh                               latest
openshift-secondary-scheduler-operator                        stable
openshift-zero-trust-workload-identity-manager                stable-v1
openstack-operator                                            stable-v1.0
opentelemetry-product                                         stable
orchestrator-operator                                         stable
pf-status-relay-operator                                      stable
policy-controller-operator                                    stable
power-monitoring-operator                                     tech-preview
ptp-operator                                                  stable
quay-bridge-operator                                          stable-3.16
quay-operator                                                 stable-3.16
recipe                                                        stable-4.18
red-hat-camel-k                                               1.10.x
red-hat-hawtio-operator                                       stable-v1
redhat-oadp-operator                                          stable-1.4
rh-service-binding-operator                                   stable
rhacs-operator                                                stable
rhbk-operator                                                 stable-v26.4
rhcl-operator                                                 stable
rhdh                                                          fast
rhods-operator                                                stable
rhpam-kogito-operator                                         7.x
rhsso-operator                                                stable
rhtas-operator                                                stable
rhtpa-operator                                                stable-v1.1
rook-ceph-operator                                            stable-4.18
run-once-duration-override-operator                           stable
runtimes-inventory-operator                                   stable
sandboxed-containers-operator                                 stable
secrets-store-csi-driver-operator                             stable
security-profiles-operator                                    release-alpha-rhel-8
self-node-remediation                                         stable
serverless-operator                                           stable
service-registry-operator                                     2.x
service-telemetry-operator                                    stable-1.5
servicemeshoperator                                           stable
servicemeshoperator3                                          stable
skupper-netobs-operator                                       stable-2
skupper-operator                                              stable-2
smart-gateway-operator                                        stable-1.5
smb-csi-driver-operator                                       stable
sriov-network-operator                                        stable
submariner                                                    stable-0.23
tang-operator                                                 alpha
tempo-product                                                 stable
topology-aware-lifecycle-manager                              stable
trustee-operator                                              stable
vertical-pod-autoscaler                                       stable
volsync-product                                               stable
watcher-operator                                              stable-v1.0
web-terminal                                                  fast
windows-machine-config-operator                               stable
